0 info it worked if it ends with ok
1 verbose cli [ '/Users/kyle/opt/anaconda3/bin/node',
1 verbose cli   '/Users/kyle/opt/anaconda3/bin/npm',
1 verbose cli   'install',
1 verbose cli   '-g',
1 verbose cli   '@kyso-io/kyso-cli@1.0.5' ]
2 info using npm@3.10.10
3 info using node@v6.13.1
4 silly loadCurrentTree Starting
5 silly install loadCurrentTree
6 silly install readGlobalPackageData
7 silly fetchPackageMetaData @kyso-io/kyso-cli@1.0.5
8 silly fetchNamedPackageData @kyso-io/kyso-cli
9 silly mapToRegistry name @kyso-io/kyso-cli
10 silly mapToRegistry scope (from package name) @kyso-io
11 silly mapToRegistry registry https://gitlab.kyso.io/api/v4/packages/npm/
12 silly mapToRegistry data Result {
12 silly mapToRegistry   raw: '@kyso-io/kyso-cli',
12 silly mapToRegistry   scope: '@kyso-io',
12 silly mapToRegistry   escapedName: '@kyso-io%2fkyso-cli',
12 silly mapToRegistry   name: '@kyso-io/kyso-cli',
12 silly mapToRegistry   rawSpec: '',
12 silly mapToRegistry   spec: 'latest',
12 silly mapToRegistry   type: 'tag' }
13 silly mapToRegistry uri https://gitlab.kyso.io/api/v4/packages/npm/@kyso-io%2fkyso-cli
14 verbose request uri https://gitlab.kyso.io/api/v4/packages/npm/@kyso-io%2fkyso-cli
15 verbose request no auth needed
16 info attempt registry request try #1 at 3:59:29 PM
17 verbose request using bearer token for auth
18 verbose request id ae465e35c9d9b8c7
19 http request GET https://gitlab.kyso.io/api/v4/packages/npm/@kyso-io%2fkyso-cli
20 info retry will retry, error on last attempt: Error: certificate has expired
21 info attempt registry request try #2 at 3:59:39 PM
22 verbose request using bearer token for auth
23 http request GET https://gitlab.kyso.io/api/v4/packages/npm/@kyso-io%2fkyso-cli
24 info retry will retry, error on last attempt: Error: certificate has expired
25 info attempt registry request try #3 at 4:00:39 PM
26 verbose request using bearer token for auth
27 http request GET https://gitlab.kyso.io/api/v4/packages/npm/@kyso-io%2fkyso-cli
28 silly fetchPackageMetaData Error: certificate has expired
28 silly fetchPackageMetaData     at Error (native)
28 silly fetchPackageMetaData     at TLSSocket.<anonymous> (_tls_wrap.js:1092:38)
28 silly fetchPackageMetaData     at emitNone (events.js:86:13)
28 silly fetchPackageMetaData     at TLSSocket.emit (events.js:185:7)
28 silly fetchPackageMetaData     at TLSSocket._finishInit (_tls_wrap.js:609:8)
28 silly fetchPackageMetaData     at TLSWrap.ssl.onhandshakedone (_tls_wrap.js:439:38)
28 silly fetchPackageMetaData  error for @kyso-io/kyso-cli@1.0.5 { Error: certificate has expired
28 silly fetchPackageMetaData     at Error (native)
28 silly fetchPackageMetaData     at TLSSocket.<anonymous> (_tls_wrap.js:1092:38)
28 silly fetchPackageMetaData     at emitNone (events.js:86:13)
28 silly fetchPackageMetaData     at TLSSocket.emit (events.js:185:7)
28 silly fetchPackageMetaData     at TLSSocket._finishInit (_tls_wrap.js:609:8)
28 silly fetchPackageMetaData     at TLSWrap.ssl.onhandshakedone (_tls_wrap.js:439:38) code: 'CERT_HAS_EXPIRED' }
29 silly rollbackFailedOptional Starting
30 silly rollbackFailedOptional Finishing
31 silly runTopLevelLifecycles Finishing
32 silly install printInstalled
33 verbose stack Error: certificate has expired
33 verbose stack     at Error (native)
33 verbose stack     at TLSSocket.<anonymous> (_tls_wrap.js:1092:38)
33 verbose stack     at emitNone (events.js:86:13)
33 verbose stack     at TLSSocket.emit (events.js:185:7)
33 verbose stack     at TLSSocket._finishInit (_tls_wrap.js:609:8)
33 verbose stack     at TLSWrap.ssl.onhandshakedone (_tls_wrap.js:439:38)
34 verbose cwd /Users/kyle/Kyso/test/cli-example
35 error Darwin 21.3.0
36 error argv "/Users/kyle/opt/anaconda3/bin/node" "/Users/kyle/opt/anaconda3/bin/npm" "install" "-g" "@kyso-io/kyso-cli@1.0.5"
37 error node v6.13.1
38 error npm  v3.10.10
39 error code CERT_HAS_EXPIRED
40 error certificate has expired
41 error If you need help, you may report this error at:
41 error     <https://github.com/npm/npm/issues>
42 verbose exit [ 1, true ]
